<?xml version="1.0" encoding="UTF-8"?>
<testsuite name="CalculadoraTest" tests="1" skipped="0" failures="0" errors="0" timestamp="2022-03-09T14:50:38" hostname="DESKTOP-U7UIKPU" time="0.016">
  <properties/>
  <testcase name="multiplicacaoTest()" classname="CalculadoraTest" time="0.016"/>
  <system-out><![CDATA[]]></system-out>
  <system-err><![CDATA[]]></system-err>
</testsuite>
